{"name":"Log","hostname":"3bd6759cfc3b","pid":1,"level":30,"msg":"Ghost is running in production...","time":"2021-05-28T07:50:54.431Z","v":0}
{"name":"Log","hostname":"3bd6759cfc3b","pid":1,"level":30,"msg":"Your site is now available on http://localhost:60000/","time":"2021-05-28T07:50:54.433Z","v":0}
{"name":"Log","hostname":"3bd6759cfc3b","pid":1,"level":30,"msg":"Ctrl+C to shut down","time":"2021-05-28T07:50:54.435Z","v":0}
{"name":"Log","hostname":"3bd6759cfc3b","pid":1,"level":30,"msg":"Ghost server started in 0.466s","time":"2021-05-28T07:50:54.442Z","v":0}
{"name":"Log","hostname":"3bd6759cfc3b","pid":1,"level":40,"msg":"Database state requires initialisation.","time":"2021-05-28T07:50:54.644Z","v":0}
{"name":"Log","hostname":"3bd6759cfc3b","pid":1,"level":30,"msg":"Creating table: posts","time":"2021-05-28T07:50:55.001Z","v":0}
{"name":"Log","hostname":"3bd6759cfc3b","pid":1,"level":30,"msg":"Creating table: posts_meta","time":"2021-05-28T07:50:55.025Z","v":0}
{"name":"Log","hostname":"3bd6759cfc3b","pid":1,"level":30,"msg":"Creating table: users","time":"2021-05-28T07:50:55.045Z","v":0}
{"name":"Log","hostname":"3bd6759cfc3b","pid":1,"level":30,"msg":"Creating table: posts_authors","time":"2021-05-28T07:50:55.079Z","v":0}
{"name":"Log","hostname":"3bd6759cfc3b","pid":1,"level":30,"msg":"Creating table: roles","time":"2021-05-28T07:50:55.091Z","v":0}
{"name":"Log","hostname":"3bd6759cfc3b","pid":1,"level":30,"msg":"Creating table: roles_users","time":"2021-05-28T07:50:55.114Z","v":0}
{"name":"Log","hostname":"3bd6759cfc3b","pid":1,"level":30,"msg":"Creating table: permissions","time":"2021-05-28T07:50:55.127Z","v":0}
{"name":"Log","hostname":"3bd6759cfc3b","pid":1,"level":30,"msg":"Creating table: permissions_users","time":"2021-05-28T07:50:55.150Z","v":0}
{"name":"Log","hostname":"3bd6759cfc3b","pid":1,"level":30,"msg":"Creating table: permissions_roles","time":"2021-05-28T07:50:55.163Z","v":0}
{"name":"Log","hostname":"3bd6759cfc3b","pid":1,"level":30,"msg":"Creating table: settings","time":"2021-05-28T07:50:55.176Z","v":0}
{"name":"Log","hostname":"3bd6759cfc3b","pid":1,"level":30,"msg":"Creating table: tags","time":"2021-05-28T07:50:55.198Z","v":0}
{"name":"Log","hostname":"3bd6759cfc3b","pid":1,"level":30,"msg":"Creating table: posts_tags","time":"2021-05-28T07:50:55.225Z","v":0}
{"name":"Log","hostname":"3bd6759cfc3b","pid":1,"level":30,"msg":"Creating table: invites","time":"2021-05-28T07:50:55.237Z","v":0}
{"name":"Log","hostname":"3bd6759cfc3b","pid":1,"level":30,"msg":"Creating table: brute","time":"2021-05-28T07:50:55.273Z","v":0}
{"name":"Log","hostname":"3bd6759cfc3b","pid":1,"level":30,"msg":"Creating table: sessions","time":"2021-05-28T07:50:55.285Z","v":0}
{"name":"Log","hostname":"3bd6759cfc3b","pid":1,"level":30,"msg":"Creating table: integrations","time":"2021-05-28T07:50:55.307Z","v":0}
{"name":"Log","hostname":"3bd6759cfc3b","pid":1,"level":30,"msg":"Creating table: webhooks","time":"2021-05-28T07:50:55.329Z","v":0}
{"name":"Log","hostname":"3bd6759cfc3b","pid":1,"level":30,"msg":"Creating table: api_keys","time":"2021-05-28T07:50:55.346Z","v":0}
{"name":"Log","hostname":"3bd6759cfc3b","pid":1,"level":30,"msg":"Creating table: mobiledoc_revisions","time":"2021-05-28T07:50:55.371Z","v":0}
{"name":"Log","hostname":"3bd6759cfc3b","pid":1,"level":30,"msg":"Creating table: members","time":"2021-05-28T07:50:55.399Z","v":0}
{"name":"Log","hostname":"3bd6759cfc3b","pid":1,"level":30,"msg":"Creating table: products","time":"2021-05-28T07:50:55.448Z","v":0}
{"name":"Log","hostname":"3bd6759cfc3b","pid":1,"level":30,"msg":"Creating table: members_products","time":"2021-05-28T07:50:55.470Z","v":0}
{"name":"Log","hostname":"3bd6759cfc3b","pid":1,"level":30,"msg":"Creating table: members_payment_events","time":"2021-05-28T07:50:55.485Z","v":0}
{"name":"Log","hostname":"3bd6759cfc3b","pid":1,"level":30,"msg":"Creating table: members_login_events","time":"2021-05-28T07:50:55.497Z","v":0}
{"name":"Log","hostname":"3bd6759cfc3b","pid":1,"level":30,"msg":"Creating table: members_email_change_events","time":"2021-05-28T07:50:55.510Z","v":0}
{"name":"Log","hostname":"3bd6759cfc3b","pid":1,"level":30,"msg":"Creating table: members_status_events","time":"2021-05-28T07:50:55.527Z","v":0}
{"name":"Log","hostname":"3bd6759cfc3b","pid":1,"level":30,"msg":"Creating table: members_paid_subscription_events","time":"2021-05-28T07:50:55.538Z","v":0}
{"name":"Log","hostname":"3bd6759cfc3b","pid":1,"level":30,"msg":"Creating table: labels","time":"2021-05-28T07:50:55.554Z","v":0}
{"name":"Log","hostname":"3bd6759cfc3b","pid":1,"level":30,"msg":"Creating table: members_labels","time":"2021-05-28T07:50:55.589Z","v":0}
{"name":"Log","hostname":"3bd6759cfc3b","pid":1,"level":30,"msg":"Creating table: members_stripe_customers","time":"2021-05-28T07:50:55.603Z","v":0}
{"name":"Log","hostname":"3bd6759cfc3b","pid":1,"level":30,"msg":"Creating table: members_stripe_customers_subscriptions","time":"2021-05-28T07:50:55.654Z","v":0}
{"name":"Log","hostname":"3bd6759cfc3b","pid":1,"level":30,"msg":"Creating table: members_subscribe_events","time":"2021-05-28T07:50:55.692Z","v":0}
{"name":"Log","hostname":"3bd6759cfc3b","pid":1,"level":30,"msg":"Creating table: stripe_products","time":"2021-05-28T07:50:55.708Z","v":0}
{"name":"Log","hostname":"3bd6759cfc3b","pid":1,"level":30,"msg":"Creating table: stripe_prices","time":"2021-05-28T07:50:55.730Z","v":0}
{"name":"Log","hostname":"3bd6759cfc3b","pid":1,"level":30,"msg":"Creating table: actions","time":"2021-05-28T07:50:55.752Z","v":0}
{"name":"Log","hostname":"3bd6759cfc3b","pid":1,"level":30,"msg":"Creating table: emails","time":"2021-05-28T07:50:55.764Z","v":0}
{"name":"Log","hostname":"3bd6759cfc3b","pid":1,"level":30,"msg":"Creating table: email_batches","time":"2021-05-28T07:50:55.797Z","v":0}
{"name":"Log","hostname":"3bd6759cfc3b","pid":1,"level":30,"msg":"Creating table: email_recipients","time":"2021-05-28T07:50:55.809Z","v":0}
{"name":"Log","hostname":"3bd6759cfc3b","pid":1,"level":30,"msg":"Creating table: tokens","time":"2021-05-28T07:50:55.876Z","v":0}
{"name":"Log","hostname":"3bd6759cfc3b","pid":1,"level":30,"msg":"Creating table: snippets","time":"2021-05-28T07:50:55.898Z","v":0}
{"name":"Log","hostname":"3bd6759cfc3b","pid":1,"level":30,"msg":"Model: Product","time":"2021-05-28T07:50:55.938Z","v":0}
{"name":"Log","hostname":"3bd6759cfc3b","pid":1,"level":30,"msg":"Model: Tag","time":"2021-05-28T07:50:55.967Z","v":0}
{"name":"Log","hostname":"3bd6759cfc3b","pid":1,"level":30,"msg":"Model: Role","time":"2021-05-28T07:50:55.978Z","v":0}
{"name":"Log","hostname":"3bd6759cfc3b","pid":1,"level":30,"msg":"Model: Permission","time":"2021-05-28T07:50:56.002Z","v":0}
{"name":"Log","hostname":"3bd6759cfc3b","pid":1,"level":30,"msg":"Model: User","time":"2021-05-28T07:50:56.183Z","v":0}
{"name":"Log","hostname":"3bd6759cfc3b","pid":1,"level":30,"msg":"Model: Post","time":"2021-05-28T07:50:56.662Z","v":0}
{"name":"Log","hostname":"3bd6759cfc3b","pid":1,"level":30,"msg":"Model: Integration","time":"2021-05-28T07:50:57.075Z","v":0}
{"name":"Log","hostname":"3bd6759cfc3b","pid":1,"level":30,"msg":"Relation: Role to Permission","time":"2021-05-28T07:50:57.113Z","v":0}
{"name":"Log","hostname":"3bd6759cfc3b","pid":1,"level":30,"msg":"Relation: Post to Tag","time":"2021-05-28T07:50:57.331Z","v":0}
{"name":"Log","hostname":"3bd6759cfc3b","pid":1,"level":30,"msg":"Relation: User to Role","time":"2021-05-28T07:50:57.369Z","v":0}
{"name":"Log","hostname":"3bd6759cfc3b","pid":1,"level":30,"msg":"Database is in a ready state.","time":"2021-05-28T07:50:57.686Z","v":0}
{"name":"Log","hostname":"3bd6759cfc3b","pid":1,"level":30,"msg":"Ghost database ready in 3.712s","time":"2021-05-28T07:50:57.687Z","v":0}
{"name":"Log","hostname":"3bd6759cfc3b","pid":1,"level":30,"msg":"Ghost booted in 6.656s","time":"2021-05-28T07:51:00.631Z","v":0}
{"name":"Log","hostname":"3bd6759cfc3b","pid":1,"level":50,"err":{"id":"78e8ce80-bf89-11eb-8a98-db1269c28c3c","domain":"http://localhost:60000","code":"IMAGE_SIZE_URL","name":"InternalServerError","statusCode":500,"level":"critical","message":"Unknown Request error.","context":"\"http://localhost:60000/favicon.ico\"","stack":"InternalServerError: Unknown Request error.\n    at new InternalServerError (/var/lib/ghost/versions/4.6.4/node_modules/ghost-ignition/lib/errors/index.js:90:23)\n    at /var/lib/ghost/versions/4.6.4/core/server/lib/image/image-size.js:180:35\n    at tryCatcher (/var/lib/ghost/versions/4.6.4/node_modules/bluebird/js/release/util.js:16:23)\n    at Promise._settlePromiseFromHandler (/var/lib/ghost/versions/4.6.4/node_modules/bluebird/js/release/promise.js:547:31)\n    at Promise._settlePromise (/var/lib/ghost/versions/4.6.4/node_modules/bluebird/js/release/promise.js:604:18)\n    at Promise._settlePromise0 (/var/lib/ghost/versions/4.6.4/node_modules/bluebird/js/release/promise.js:649:10)\n    at Promise._settlePromises (/var/lib/ghost/versions/4.6.4/node_modules/bluebird/js/release/promise.js:725:18)\n    at _drainQueueStep (/var/lib/ghost/versions/4.6.4/node_modules/bluebird/js/release/async.js:93:12)\n    at _drainQueue (/var/lib/ghost/versions/4.6.4/node_modules/bluebird/js/release/async.js:86:9)\n    at Async._drainQueues (/var/lib/ghost/versions/4.6.4/node_modules/bluebird/js/release/async.js:102:5)\n    at Immediate.Async.drainQueues [as _onImmediate] (/var/lib/ghost/versions/4.6.4/node_modules/bluebird/js/release/async.js:15:14)\n    at processImmediate (internal/timers.js:462:21)\n\nRequestError: connect ECONNREFUSED 127.0.0.1:60000\n    at ClientRequest.<anonymous> (/var/lib/ghost/versions/4.6.4/node_modules/got/source/request-as-event-emitter.js:178:14)\n    at Object.onceWrapper (events.js:483:26)\n    at ClientRequest.emit (events.js:388:22)\n    at ClientRequest.emit (domain.js:470:12)\n    at ClientRequest.origin.emit (/var/lib/ghost/versions/4.6.4/node_modules/@szmarczak/http-timer/source/index.js:37:11)\n    at Socket.socketErrorListener (_http_client.js:475:9)\n    at Socket.emit (events.js:376:20)\n    at Socket.emit (domain.js:470:12)\n    at emitErrorNT (internal/streams/destroy.js:106:8)\n    at emitErrorCloseNT (internal/streams/destroy.js:74:3)\n    at processTicksAndRejections (internal/process/task_queues.js:82:21)"},"msg":"Unknown Request error.","time":"2021-05-28T07:51:12.491Z","v":0}
{"name":"Log","hostname":"3bd6759cfc3b","pid":1,"level":30,"req":{"meta":{"requestId":"3dc0ebb8-21cf-47dc-95a1-18d314f7c2c8","userId":null},"url":"/","method":"GET","originalUrl":"/","params":{},"headers":{"host":"localhost:60000","connection":"keep-alive","sec-ch-ua":"\" Not A;Brand\";v=\"99\", \"Chromium\";v=\"90\", \"Google Chrome\";v=\"90\"","sec-ch-ua-mobile":"?0","upgrade-insecure-requests":"1","user-agent":"Mozilla/5.0 (Macintosh; Intel Mac OS X 10_15_7) AppleWebKit/537.36 (KHTML, like Gecko) Chrome/90.0.4430.212 Safari/537.36","accept":"text/html,application/xhtml+xml,application/xml;q=0.9,image/avif,image/webp,image/apng,*/*;q=0.8,application/signed-exchange;v=b3;q=0.9","sec-fetch-site":"none","sec-fetch-mode":"navigate","sec-fetch-user":"?1","sec-fetch-dest":"document","accept-encoding":"gzip, deflate, br","accept-language":"ko,en;q=0.9,en-US;q=0.8,ja;q=0.7,th;q=0.6"},"query":{}},"res":{"_headers":{"x-powered-by":"Express","cache-control":"public, max-age=0","content-type":"text/html; charset=utf-8","etag":"W/\"5c1e-Yar8dcmR1vY44SKUe7WbcXuaLHU\"","vary":"Accept-Encoding","content-encoding":"gzip"},"statusCode":200,"responseTime":"404ms"},"msg":"","time":"2021-05-28T07:51:12.667Z","v":0}
{"name":"Log","hostname":"3bd6759cfc3b","pid":1,"level":30,"req":{"meta":{"requestId":"419ad2f2-5dca-46f1-a484-95466245302d","userId":null},"url":"/assets/built/screen.css?v=72482708a1","method":"GET","originalUrl":"/assets/built/screen.css?v=72482708a1","params":{},"headers":{"host":"localhost:60000","connection":"keep-alive","sec-ch-ua":"\" Not A;Brand\";v=\"99\", \"Chromium\";v=\"90\", \"Google Chrome\";v=\"90\"","sec-ch-ua-mobile":"?0","user-agent":"Mozilla/5.0 (Macintosh; Intel Mac OS X 10_15_7) AppleWebKit/537.36 (KHTML, like Gecko) Chrome/90.0.4430.212 Safari/537.36","accept":"text/css,*/*;q=0.1","sec-fetch-site":"same-origin","sec-fetch-mode":"no-cors","sec-fetch-dest":"style","referer":"http://localhost:60000/","accept-encoding":"gzip, deflate, br","accept-language":"ko,en;q=0.9,en-US;q=0.8,ja;q=0.7,th;q=0.6"},"query":{"v":"72482708a1"}},"res":{"_headers":{"x-powered-by":"Express","accept-ranges":"bytes","cache-control":"public, max-age=31536000","last-modified":"Sat, 26 Oct 1985 08:15:00 GMT","etag":"W/\"7134-7438674ba0\"","content-type":"text/css; charset=UTF-8","vary":"Accept-Encoding","content-encoding":"gzip"},"statusCode":200,"responseTime":"28ms"},"msg":"","time":"2021-05-28T07:51:12.732Z","v":0}
{"name":"Log","hostname":"3bd6759cfc3b","pid":1,"level":30,"req":{"meta":{"requestId":"c7afea08-09ca-47fd-bf06-9bb00c624bfb","userId":null},"url":"/assets/built/casper.js?v=72482708a1","method":"GET","originalUrl":"/assets/built/casper.js?v=72482708a1","params":{},"headers":{"host":"localhost:60000","connection":"keep-alive","sec-ch-ua":"\" Not A;Brand\";v=\"99\", \"Chromium\";v=\"90\", \"Google Chrome\";v=\"90\"","sec-ch-ua-mobile":"?0","user-agent":"Mozilla/5.0 (Macintosh; Intel Mac OS X 10_15_7) AppleWebKit/537.36 (KHTML, like Gecko) Chrome/90.0.4430.212 Safari/537.36","accept":"*/*","sec-fetch-site":"same-origin","sec-fetch-mode":"no-cors","sec-fetch-dest":"script","referer":"http://localhost:60000/","accept-encoding":"gzip, deflate, br","accept-language":"ko,en;q=0.9,en-US;q=0.8,ja;q=0.7,th;q=0.6"},"query":{"v":"72482708a1"}},"res":{"_headers":{"x-powered-by":"Express","accept-ranges":"bytes","cache-control":"public, max-age=31536000","last-modified":"Sat, 26 Oct 1985 08:15:00 GMT","etag":"W/\"c38-7438674ba0\"","content-type":"application/javascript; charset=UTF-8","vary":"Accept-Encoding","content-encoding":"gzip"},"statusCode":200,"responseTime":"22ms"},"msg":"","time":"2021-05-28T07:51:12.738Z","v":0}
{"name":"Log","hostname":"3bd6759cfc3b","pid":1,"level":30,"req":{"meta":{"requestId":"3667d972-883f-462e-9ed9-e49025dbf6a4","userId":null},"url":"/api/member/","method":"GET","originalUrl":"/members/api/member/","params":{},"headers":{"host":"localhost:60000","connection":"keep-alive","sec-ch-ua":"\" Not A;Brand\";v=\"99\", \"Chromium\";v=\"90\", \"Google Chrome\";v=\"90\"","sec-ch-ua-mobile":"?0","user-agent":"Mozilla/5.0 (Macintosh; Intel Mac OS X 10_15_7) AppleWebKit/537.36 (KHTML, like Gecko) Chrome/90.0.4430.212 Safari/537.36","accept":"*/*","sec-fetch-site":"same-origin","sec-fetch-mode":"cors","sec-fetch-dest":"empty","referer":"http://localhost:60000/","accept-encoding":"gzip, deflate, br","accept-language":"ko,en;q=0.9,en-US;q=0.8,ja;q=0.7,th;q=0.6"},"query":{}},"res":{"_headers":{"x-powered-by":"Express","access-control-allow-origin":"*"},"statusCode":204,"responseTime":"1ms"},"msg":"","time":"2021-05-28T07:51:13.224Z","v":0}
{"name":"Log","hostname":"3bd6759cfc3b","pid":1,"level":30,"req":{"meta":{"requestId":"07871d02-7ed6-4d60-acea-b085b99cae44","userId":null},"url":"/api/site/","method":"GET","originalUrl":"/members/api/site/","params":{},"headers":{"host":"localhost:60000","connection":"keep-alive","sec-ch-ua":"\" Not A;Brand\";v=\"99\", \"Chromium\";v=\"90\", \"Google Chrome\";v=\"90\"","sec-ch-ua-mobile":"?0","user-agent":"Mozilla/5.0 (Macintosh; Intel Mac OS X 10_15_7) AppleWebKit/537.36 (KHTML, like Gecko) Chrome/90.0.4430.212 Safari/537.36","content-type":"application/json","accept":"*/*","sec-fetch-site":"same-origin","sec-fetch-mode":"cors","sec-fetch-dest":"empty","referer":"http://localhost:60000/","accept-encoding":"gzip, deflate, br","accept-language":"ko,en;q=0.9,en-US;q=0.8,ja;q=0.7,th;q=0.6"},"query":{}},"res":{"_headers":{"x-powered-by":"Express","access-control-allow-origin":"*","content-type":"application/json; charset=utf-8","content-length":"668","etag":"W/\"29c-tFSh9ikUQXWBuS0/314DB4vNEcs\"","vary":"Accept-Encoding"},"statusCode":200,"responseTime":"16ms"},"msg":"","time":"2021-05-28T07:51:13.235Z","v":0}
{"name":"Log","hostname":"3bd6759cfc3b","pid":1,"level":30,"req":{"meta":{"requestId":"b541a121-81bf-4917-8d82-187a1fc22b0e","userId":null},"url":"/favicon.ico","method":"GET","originalUrl":"/favicon.ico","params":{},"headers":{"host":"localhost:60000","connection":"keep-alive","sec-ch-ua":"\" Not A;Brand\";v=\"99\", \"Chromium\";v=\"90\", \"Google Chrome\";v=\"90\"","sec-ch-ua-mobile":"?0","user-agent":"Mozilla/5.0 (Macintosh; Intel Mac OS X 10_15_7) AppleWebKit/537.36 (KHTML, like Gecko) Chrome/90.0.4430.212 Safari/537.36","accept":"image/avif,image/webp,image/apng,image/svg+xml,image/*,*/*;q=0.8","sec-fetch-site":"same-origin","sec-fetch-mode":"no-cors","sec-fetch-dest":"image","referer":"http://localhost:60000/","accept-encoding":"gzip, deflate, br","accept-language":"ko,en;q=0.9,en-US;q=0.8,ja;q=0.7,th;q=0.6"},"query":{}},"res":{"_headers":{"x-powered-by":"Express","content-type":"image/x-icon","etag":"\"a9c6dbdcdc3ae568f4e0dad92149a0e3\"","cache-control":"public, max-age=86400","vary":"Accept-Encoding","content-encoding":"gzip"},"statusCode":200,"responseTime":"3ms"},"msg":"","time":"2021-05-28T07:51:13.568Z","v":0}
{"name":"Log","hostname":"3bd6759cfc3b","pid":1,"level":40,"msg":"Ghost is shutting down","time":"2021-05-28T07:51:21.398Z","v":0}
{"name":"Log","hostname":"3bd6759cfc3b","pid":1,"level":40,"msg":"Ghost has shut down","time":"2021-05-28T07:51:21.402Z","v":0}
{"name":"Log","hostname":"3bd6759cfc3b","pid":1,"level":40,"msg":"Your site is now offline","time":"2021-05-28T07:51:21.403Z","v":0}
{"name":"Log","hostname":"3bd6759cfc3b","pid":1,"level":40,"msg":"Ghost was running for a few seconds","time":"2021-05-28T07:51:21.405Z","v":0}
